2018-12-28 23:20:48,504 [DEBUG] fecfiler.forms.views: Incoming parameters: create_f99_info<QueryDict: {'email_on_file': ['mahendra.marathe@salientcrgt.com'], 'treasurermiddlename': ['B'], 'state': ['VA'], 'treasurersuffix': ['II'], 'city': ['WARRENTON'], 'committeename': ['DIGITAL'], 'email_on_file_1': ['null'], 'id': ['0'], 'committeeid': ['C01234567'], 'street1': ['332 W LEE HWY'], 'form_type': ['F99'], 'created_at': [''], 'treasurerprefix': ['Mr'], 'reason': ['MSM'], 'is_submitted': ['False'], 'zipcode': ['92630'], 'filename': ['undefined'], 'street2': ['street1'], 'treasurerfirstname': ['Mahendra'], 'signee': ['Mahendra Marathe'], 'text': ['test'], 'additional_email_1': ['-'], 'treasurerlastname': ['Marathe'], 'additional_email_2': ['-']}>
2018-12-28 23:21:11,580 [DEBUG] fecfiler.forms.views: Incoming parameters: create_f99_info<QueryDict: {'email_on_file': ['mahendra.marathe@salientcrgt.com'], 'treasurermiddlename': ['B'], 'state': ['VA'], 'treasurersuffix': ['II'], 'city': ['WARRENTON'], 'committeename': ['DIGITAL'], 'email_on_file_1': ['null'], 'id': ['103'], 'committeeid': ['C01234567'], 'street1': ['332 W LEE HWY'], 'form_type': ['F99'], 'created_at': [''], 'treasurerprefix': ['Mr'], 'reason': ['MSM'], 'is_submitted': ['False'], 'zipcode': ['92630'], 'filename': ['undefined'], 'street2': ['street1'], 'treasurerfirstname': ['Mahendra'], 'signee': ['Mahendra Marathe'], 'text': ['test'], 'additional_email_1': ['-'], 'treasurerlastname': ['Marathe'], 'additional_email_2': ['-']}>
2018-12-28 23:21:11,735 [DEBUG] fecfiler.forms.views: Incoming parameters: submit_comm_info{'email_on_file': 'mahendra.marathe@salientcrgt.com', 'treasurermiddlename': 'B', 'state': 'VA', 'file': '', 'treasurersuffix': 'II', 'city': 'WARRENTON', 'committeename': 'DIGITAL', 'email_on_file_1': None, 'id': 103, 'committeeid': 'C01234567', 'street1': '332 W LEE HWY', 'form_type': 'F99', 'created_at': '', 'treasurerprefix': 'Mr', 'reason': 'MSM', 'is_submitted': False, 'zipcode': 92630, 'street2': 'street1', 'treasurerfirstname': 'Mahendra', 'signee': 'Mahendra Marathe', 'text': 'test', 'additional_email_1': '-', 'treasurerlastname': 'Marathe', 'additional_email_2': '-'}
2018-12-28 23:21:12,009 [DEBUG] botocore.hooks: Changing event name from creating-client-class.iot-data to creating-client-class.iot-data-plane
2018-12-28 23:21:12,019 [DEBUG] botocore.hooks: Changing event name from before-call.apigateway to before-call.api-gateway
2018-12-28 23:21:12,020 [DEBUG] botocore.hooks: Changing event name from request-created.machinelearning.Predict to request-created.machine-learning.Predict
2018-12-28 23:21:12,027 [DEBUG] botocore.hooks: Changing event name from before-parameter-build.autoscaling.CreateLaunchConfiguration to before-parameter-build.auto-scaling.CreateLaunchConfiguration
2018-12-28 23:21:12,027 [DEBUG] botocore.hooks: Changing event name from before-parameter-build.route53 to before-parameter-build.route-53
2018-12-28 23:21:12,028 [DEBUG] botocore.hooks: Changing event name from request-created.cloudsearchdomain.Search to request-created.cloudsearch-domain.Search
2018-12-28 23:21:12,030 [DEBUG] botocore.hooks: Changing event name from docs.*.autoscaling.CreateLaunchConfiguration.complete-section to docs.*.auto-scaling.CreateLaunchConfiguration.complete-section
2018-12-28 23:21:12,034 [DEBUG] botocore.hooks: Changing event name from before-parameter-build.cloudsearchdomain.Search to before-parameter-build.cloudsearch-domain.Search
2018-12-28 23:21:12,035 [DEBUG] botocore.hooks: Changing event name from docs.*.cloudsearchdomain.Search.complete-section to docs.*.cloudsearch-domain.Search.complete-section
2018-12-28 23:21:12,035 [DEBUG] botocore.hooks: Changing event name from before-parameter-build.logs.CreateExportTask to before-parameter-build.cloudwatch-logs.CreateExportTask
2018-12-28 23:21:12,035 [DEBUG] botocore.hooks: Changing event name from docs.*.logs.CreateExportTask.complete-section to docs.*.cloudwatch-logs.CreateExportTask.complete-section
2018-12-28 23:21:12,490 [DEBUG] botocore.credentials: Looking for credentials via: env
2018-12-28 23:21:12,493 [DEBUG] botocore.credentials: Looking for credentials via: assume-role
2018-12-28 23:21:12,493 [DEBUG] botocore.credentials: Looking for credentials via: shared-credentials-file
2018-12-28 23:21:12,493 [DEBUG] botocore.credentials: Looking for credentials via: custom-process
2018-12-28 23:21:12,494 [DEBUG] botocore.credentials: Looking for credentials via: config-file
2018-12-28 23:21:12,494 [DEBUG] botocore.credentials: Looking for credentials via: ec2-credentials-file
2018-12-28 23:21:12,494 [DEBUG] botocore.credentials: Looking for credentials via: boto-config
2018-12-28 23:21:12,514 [DEBUG] botocore.credentials: Looking for credentials via: container-role
2018-12-28 23:21:12,514 [DEBUG] botocore.credentials: Looking for credentials via: iam-role
2018-12-28 23:21:12,515 [DEBUG] urllib3.util.retry: Converted retries value: False -> Retry(total=False, connect=None, read=None, redirect=0, status=None)
2018-12-28 23:21:12,517 [DEBUG] urllib3.connectionpool: Starting new HTTP connection (1): 169.254.169.254:80
2018-12-28 23:21:12,518 [DEBUG] botocore.utils: Caught retryable HTTP exception while making metadata service request to http://169.254.169.254/latest/meta-data/iam/security-credentials/: Could not connect to the endpoint URL: "http://169.254.169.254/latest/meta-data/iam/security-credentials/"
Traceback (most recent call last):
  File "/Users/cstroman/sites/salient-crgt/nxg_fec/django-backend/env/lib/python3.5/site-packages/urllib3/connection.py", line 171, in _new_conn
    (self._dns_host, self.port), self.timeout, **extra_kw)
  File "/Users/cstroman/sites/salient-crgt/nxg_fec/django-backend/env/lib/python3.5/site-packages/urllib3/util/connection.py", line 79, in create_connection
    raise err
  File "/Users/cstroman/sites/salient-crgt/nxg_fec/django-backend/env/lib/python3.5/site-packages/urllib3/util/connection.py", line 69, in create_connection
    sock.connect(sa)
OSError: [Errno 65] No route to host

During handling of the above exception, another exception occurred:

Traceback (most recent call last):
  File "/Users/cstroman/sites/salient-crgt/nxg_fec/django-backend/env/lib/python3.5/site-packages/botocore/httpsession.py", line 258, in send
    decode_content=False,
  File "/Users/cstroman/sites/salient-crgt/nxg_fec/django-backend/env/lib/python3.5/site-packages/urllib3/connectionpool.py", line 638, in urlopen
    _stacktrace=sys.exc_info()[2])
  File "/Users/cstroman/sites/salient-crgt/nxg_fec/django-backend/env/lib/python3.5/site-packages/urllib3/util/retry.py", line 343, in increment
    raise six.reraise(type(error), error, _stacktrace)
  File "/Users/cstroman/sites/salient-crgt/nxg_fec/django-backend/env/lib/python3.5/site-packages/urllib3/packages/six.py", line 686, in reraise
    raise value
  File "/Users/cstroman/sites/salient-crgt/nxg_fec/django-backend/env/lib/python3.5/site-packages/urllib3/connectionpool.py", line 600, in urlopen
    chunked=chunked)
  File "/Users/cstroman/sites/salient-crgt/nxg_fec/django-backend/env/lib/python3.5/site-packages/urllib3/connectionpool.py", line 354, in _make_request
    conn.request(method, url, **httplib_request_kw)
  File "/Users/cstroman/.pyenv/versions/3.5.0/lib/python3.5/http/client.py", line 1083, in request
    self._send_request(method, url, body, headers)
  File "/Users/cstroman/sites/salient-crgt/nxg_fec/django-backend/env/lib/python3.5/site-packages/botocore/awsrequest.py", line 125, in _send_request
    method, url, body, headers, *args, **kwargs)
  File "/Users/cstroman/.pyenv/versions/3.5.0/lib/python3.5/http/client.py", line 1128, in _send_request
    self.endheaders(body)
  File "/Users/cstroman/.pyenv/versions/3.5.0/lib/python3.5/http/client.py", line 1079, in endheaders
    self._send_output(message_body)
  File "/Users/cstroman/sites/salient-crgt/nxg_fec/django-backend/env/lib/python3.5/site-packages/botocore/awsrequest.py", line 152, in _send_output
    self.send(msg)
  File "/Users/cstroman/sites/salient-crgt/nxg_fec/django-backend/env/lib/python3.5/site-packages/botocore/awsrequest.py", line 236, in send
    return super(AWSConnection, self).send(str)
  File "/Users/cstroman/.pyenv/versions/3.5.0/lib/python3.5/http/client.py", line 854, in send
    self.connect()
  File "/Users/cstroman/sites/salient-crgt/nxg_fec/django-backend/env/lib/python3.5/site-packages/urllib3/connection.py", line 196, in connect
    conn = self._new_conn()
  File "/Users/cstroman/sites/salient-crgt/nxg_fec/django-backend/env/lib/python3.5/site-packages/urllib3/connection.py", line 180, in _new_conn
    self, "Failed to establish a new connection: %s" % e)
urllib3.exceptions.NewConnectionError: <botocore.awsrequest.AWSHTTPConnection object at 0x103909e48>: Failed to establish a new connection: [Errno 65] No route to host

During handling of the above exception, another exception occurred:

Traceback (most recent call last):
  File "/Users/cstroman/sites/salient-crgt/nxg_fec/django-backend/env/lib/python3.5/site-packages/botocore/utils.py", line 292, in _get_request
    response = self._session.send(request.prepare())
  File "/Users/cstroman/sites/salient-crgt/nxg_fec/django-backend/env/lib/python3.5/site-packages/botocore/httpsession.py", line 278, in send
    raise EndpointConnectionError(endpoint_url=request.url, error=e)
botocore.exceptions.EndpointConnectionError: Could not connect to the endpoint URL: "http://169.254.169.254/latest/meta-data/iam/security-credentials/"
2018-12-28 23:21:12,590 [DEBUG] botocore.utils: Max number of attempts exceeded (1) when attempting to retrieve data from metadata service.
2018-12-28 23:21:12,601 [DEBUG] botocore.loaders: Loading JSON file: /Users/cstroman/sites/salient-crgt/nxg_fec/django-backend/env/lib/python3.5/site-packages/botocore/data/endpoints.json
2018-12-28 23:21:12,613 [DEBUG] botocore.hooks: Event choose-service-name: calling handler <function handle_service_name_alias at 0x102cbaae8>
2018-12-28 23:21:12,701 [DEBUG] botocore.loaders: Loading JSON file: /Users/cstroman/sites/salient-crgt/nxg_fec/django-backend/env/lib/python3.5/site-packages/botocore/data/ses/2010-12-01/service-2.json
2018-12-28 23:21:12,720 [DEBUG] botocore.hooks: Event creating-client-class.ses: calling handler <function add_generate_presigned_url at 0x102c86268>
2018-12-28 23:21:12,722 [DEBUG] botocore.args: The s3 config key is not a dictionary type, ignoring its value of: None
2018-12-28 23:21:12,843 [DEBUG] botocore.endpoint: Setting email timeout as (60, 60)
2018-12-28 23:21:12,932 [DEBUG] botocore.loaders: Loading JSON file: /Users/cstroman/sites/salient-crgt/nxg_fec/django-backend/env/lib/python3.5/site-packages/botocore/data/_retry.json
2018-12-28 23:21:12,936 [DEBUG] botocore.client: Registering retry handlers for service: ses
2018-12-28 23:21:12,938 [DEBUG] botocore.hooks: Event before-parameter-build.ses.SendEmail: calling handler <function generate_idempotent_uuid at 0x102cd4d90>
2018-12-28 23:21:12,940 [DEBUG] botocore.endpoint: Making request for OperationModel(name=SendEmail) with params: {'url_path': '/', 'query_string': '', 'body': {'Action': 'SendEmail', 'Message.Body.Text.Data': 'Form 99 that we received has been validated and submitted\r\nThis email was sent by FEC.gov. If you are receiving this email in error or have any questions, please contact the FEC Electronic Filing Office toll-free at (800) 424-9530 ext. 1307 or locally at (202) 694-1307.', 'Destination.ToAddresses.member.1': 'mahendra.marathe@salientcrgt.com', 'Message.Body.Html.Charset': 'UTF-8', 'Message.Subject.Charset': 'UTF-8', 'Message.Body.Text.Charset': 'UTF-8', 'Message.Body.Html.Data': '<!DOCTYPE html PUBLIC "-//W3C//DTD XHTML 1.0 Strict//EN" "http://www.w3.org/TR/xhtml1/DTD/xhtml1-strict.dtd"><html xmlns="http://www.w3.org/1999/xhtml" xmlns="http://www.w3.org/1999/xhtml" style="min-height: 100%; background-color: #e8e8e8;"><head>\n<meta http-equiv="Content-Type" content="text/html; charset=utf-8">\n<meta content="width=device-width" name="viewport">\n<title>Federal Election Commission - Filing Error  </title>\n<style>\n@font-face {\n    font-family:gandhi;\n    src:url(https://www.fec.gov/static/fonts/gandhiserif-regular.woff2) format("woff2"),url(https://www.fec.gov/static/fonts/gandhiserif-regular.woff) format("woff");\n    font-weight:400;\n    font-style:normal\n}\n@font-face {\n    font-family:karla;\n    src:url(https://www.fec.gov/static/fonts/karla-regular.woff2) format("woff2"),url(https://www.fec.gov/static/fonts/karla-regular.woff) format("woff");\n    font-weight:400;\n    font-style:normal\n}\nbody {\nwidth: 100% !important; min-width: 100%; -webkit-text-size-adjust: 100%; -ms-text-size-adjust: 100%; margin: 0; padding: 0; -moz-box-sizing: border-box; -webkit-box-sizing: border-box; box-sizing: border-box;\n}\n.ExternalClass {\nwidth: 100%;\n}\n.ExternalClass {\nline-height: 100%;\n}\n#backgroundTable {\nmargin: 0; padding: 0; width: 100% !important; line-height: 100% !important;\n}\nimg {\noutline: none; text-decoration: none; -ms-interpolation-mode: bicubic; width: auto; max-width: 100%; clear: both; display: block;\n}\nbody {\ncolor: #000000; font-family: gandhi,karla, Arial, Helvetica, sans-serif; font-weight: normal; padding: 0; margin: 0; text-align: left; line-height: 1.3;\n}\nbody {\nfont-size: 13px; line-height: 17px;\n}\na:hover {\ncolor: #005288;\n}\na:active {\ncolor: #005288;\n}\na:visited {\ncolor: #0071bb;\n}\nh1 a:visited {\ncolor: #0071bb;\n}\nh2 a:visited {\ncolor: #0071bb;\n}\nh3 a:visited {\ncolor: #0071bb;\n}\nh4 a:visited {\ncolor: #0071bb;\n}\nh5 a:visited {\ncolor: #0071bb;\n}\nh6 a:visited {\ncolor: #0071bb;\n}\ntable.button:hover table tr td a {\ncolor: #fff;\n}\ntable.button:active table tr td a {\ncolor: #fff;\n}\ntable.button table tr td a:visited {\ncolor: #fff;\n}\ntable.button.tiny:hover table tr td a {\ncolor: #fff;\n}\ntable.button.tiny:active table tr td a {\ncolor: #fff;\n}\ntable.button.tiny table tr td a:visited {\ncolor: #fff;\n}\ntable.button.small:hover table tr td a {\ncolor: #fff;\n}\ntable.button.small:active table tr td a {\ncolor: #fff;\n}\ntable.button.small table tr td a:visited {\ncolor: #fff;\n}\ntable.button.large:hover table tr td a {\ncolor: #fff;\n}\ntable.button.large:active table tr td a {\ncolor: #fff;\n}\ntable.button.large table tr td a:visited {\ncolor: #fff;\n}\ntable.button:hover table td {\nbackground: #005288; color: #fff;\n}\ntable.button:visited table td {\nbackground: #005288; color: #fff;\n}\ntable.button:active table td {\nbackground: #005288; color: #fff;\n}\ntable.button:hover table a {\nborder: 0 solid #005288;\n}\ntable.button:visited table a {\nborder: 0 solid #005288;\n}\ntable.button:active table a {\nborder: 0 solid #005288;\n}\ntable.button.secondary:hover table td {\nbackground: #1a467b; color: #fff;\n}\ntable.button.secondary:hover table a {\nborder: 0 solid #1a467b;\n}\ntable.button.secondary:hover table td a {\ncolor: #fff;\n}\ntable.button.secondary:active table td a {\ncolor: #fff;\n}\ntable.button.secondary table td a:visited {\ncolor: #fff;\n}\ntable.button.success:hover table td {\nbackground: #23bf5d;\n}\ntable.button.success:hover table a {\nborder: 0 solid #23bf5d;\n}\ntable.button.alert:hover table td {\nbackground: #e23317;\n}\ntable.button.alert:hover table a {\nborder: 0 solid #e23317;\n}\ntable.button.warning:hover table td {\nbackground: #cc8b00;\n}\ntable.button.warning:hover table a {\nborder: 0px solid #cc8b00;\n}\n.thumbnail:hover {\nbox-shadow: 0 0 6px 1px rgba(0,113,187,0.5);\n}\n.thumbnail:focus {\nbox-shadow: 0 0 6px 1px rgba(0,113,187,0.5);\n}\nbody.outlook p {\ndisplay: inline !important;\n}\n.gray:active {\ncolor: #000000;\n}\n.gray:hover {\ncolor: #000000;\n}\n.gray:visited {\ncolor: #000000;\n}\n@media only screen and (max-width: 596px) {\n  .small-float-center {\n    margin: 0 auto !important; float: none !important; text-align: center !important;\n  }\n  .small-text-center {\n    text-align: center !important;\n  }\n  .small-text-left {\n    text-align: left !important;\n  }\n  .small-text-right {\n    text-align: right !important;\n  }\n  .hide-for-large {\n    display: block !important; width: auto !important; overflow: visible !important; max-height: none !important; font-size: inherit !important; line-height: inherit !important;\n  }\n  table.body table.container .hide-for-large {\n    display: table !important; width: 100% !important;\n  }\n  table.body table.container .row.hide-for-large {\n    display: table !important; width: 100% !important;\n  }\n  table.body table.container .callout-inner.hide-for-large {\n    display: table-cell !important; width: 100% !important;\n  }\n  table.body table.container .show-for-large {\n    display: none !important; width: 0; mso-hide: all; overflow: hidden;\n  }\n  table.body img {\n    width: auto; height: auto;\n  }\n  table.body center {\n    min-width: 0 !important;\n  }\n  table.body .container {\n    width: 95% !important;\n  }\n  table.body .columns {\n    height: auto !important; -moz-box-sizing: border-box; -webkit-box-sizing: border-box; box-sizing: border-box; padding-left: 60px !important; padding-right: 60px !important;\n  }\n  table.body .column {\n    height: auto !important; -moz-box-sizing: border-box; -webkit-box-sizing: border-box; box-sizing: border-box; padding-left: 60px !important; padding-right: 60px !important;\n  }\n  table.body .columns .column {\n    padding-left: 0 !important; padding-right: 0 !important;\n  }\n  table.body .columns .columns {\n    padding-left: 0 !important; padding-right: 0 !important;\n  }\n  table.body .column .column {\n    padding-left: 0 !important; padding-right: 0 !important;\n  }\n  table.body .column .columns {\n    padding-left: 0 !important; padding-right: 0 !important;\n  }\n  table.body .collapse .columns {\n    padding-left: 0 !important; padding-right: 0 !important;\n  }\n  table.body .collapse .column {\n    padding-left: 0 !important; padding-right: 0 !important;\n  }\n  td.small-1 {\n    display: inline-block !important; width: 8.33333% !important;\n  }\n  th.small-1 {\n    display: inline-block !important; width: 8.33333% !important;\n  }\n  td.small-2 {\n    display: inline-block !important; width: 16.66667% !important;\n  }\n  th.small-2 {\n    display: inline-block !important; width: 16.66667% !important;\n  }\n  td.small-3 {\n    display: inline-block !important; width: 25% !important;\n  }\n  th.small-3 {\n    display: inline-block !important; width: 25% !important;\n  }\n  td.small-4 {\n    display: inline-block !important; width: 33.33333% !important;\n  }\n  th.small-4 {\n    display: inline-block !important; width: 33.33333% !important;\n  }\n  td.small-5 {\n    display: inline-block !important; width: 41.66667% !important;\n  }\n  th.small-5 {\n    display: inline-block !important; width: 41.66667% !important;\n  }\n  td.small-6 {\n    display: inline-block !important; width: 50% !important;\n  }\n  th.small-6 {\n    display: inline-block !important; width: 50% !important;\n  }\n  td.small-7 {\n    display: inline-block !important; width: 58.33333% !important;\n  }\n  th.small-7 {\n    display: inline-block !important; width: 58.33333% !important;\n  }\n  td.small-8 {\n    display: inline-block !important; width: 66.66667% !important;\n  }\n  th.small-8 {\n    display: inline-block !important; width: 66.66667% !important;\n  }\n  td.small-9 {\n    display: inline-block !important; width: 75% !important;\n  }\n  th.small-9 {\n    display: inline-block !important; width: 75% !important;\n  }\n  td.small-10 {\n    display: inline-block !important; width: 83.33333% !important;\n  }\n  th.small-10 {\n    display: inline-block !important; width: 83.33333% !important;\n  }\n  td.small-11 {\n    display: inline-block !important; width: 91.66667% !important;\n  }\n  th.small-11 {\n    display: inline-block !important; width: 91.66667% !important;\n  }\n  td.small-12 {\n    display: inline-block !important; width: 100% !important;\n  }\n  th.small-12 {\n    display: inline-block !important; width: 100% !important;\n  }\n  .columns td.small-12 {\n    display: block !important; width: 100% !important;\n  }\n  .column td.small-12 {\n    display: block !important; width: 100% !important;\n  }\n  .columns th.small-12 {\n    display: block !important; width: 100% !important;\n  }\n  .column th.small-12 {\n    display: block !important; width: 100% !important;\n  }\n  table.body td.small-offset-1 {\n    margin-left: 8.33333% !important;\n  }\n  table.body th.small-offset-1 {\n    margin-left: 8.33333% !important;\n  }\n  table.body td.small-offset-2 {\n    margin-left: 16.66667% !important;\n  }\n  table.body th.small-offset-2 {\n    margin-left: 16.66667% !important;\n  }\n  table.body td.small-offset-3 {\n    margin-left: 25% !important;\n  }\n  table.body th.small-offset-3 {\n    margin-left: 25% !important;\n  }\n  table.body td.small-offset-4 {\n    margin-left: 33.33333% !important;\n  }\n  table.body th.small-offset-4 {\n    margin-left: 33.33333% !important;\n  }\n  table.body td.small-offset-5 {\n    margin-left: 41.66667% !important;\n  }\n  table.body th.small-offset-5 {\n    margin-left: 41.66667% !important;\n  }\n  table.body td.small-offset-6 {\n    margin-left: 50% !important;\n  }\n  table.body th.small-offset-6 {\n    margin-left: 50% !important;\n  }\n  table.body td.small-offset-7 {\n    margin-left: 58.33333% !important;\n  }\n  table.body th.small-offset-7 {\n    margin-left: 58.33333% !important;\n  }\n  table.body td.small-offset-8 {\n    margin-left: 66.66667% !important;\n  }\n  table.body th.small-offset-8 {\n    margin-left: 66.66667% !important;\n  }\n  table.body td.small-offset-9 {\n    margin-left: 75% !important;\n  }\n  table.body th.small-offset-9 {\n    margin-left: 75% !important;\n  }\n  table.body td.small-offset-10 {\n    margin-left: 83.33333% !important;\n  }\n  table.body th.small-offset-10 {\n    margin-left: 83.33333% !important;\n  }\n  table.body td.small-offset-11 {\n    margin-left: 91.66667% !important;\n  }\n  table.body th.small-offset-11 {\n    margin-left: 91.66667% !important;\n  }\n  table.body table.columns td.expander {\n    display: none !important;\n  }\n  table.body table.columns th.expander {\n    display: none !important;\n  }\n  table.body .right-text-pad {\n    padding-left: 10px !important;\n  }\n  table.body .text-pad-right {\n    padding-left: 10px !important;\n  }\n  table.body .left-text-pad {\n    padding-right: 10px !important;\n  }\n  table.body .text-pad-left {\n    padding-right: 10px !important;\n  }\n  table.menu {\n    width: 100% !important;\n  }\n  table.menu td {\n    width: auto !important; display: inline-block !important;\n  }\n  table.menu th {\n    width: auto !important; display: inline-block !important;\n  }\n  table.menu.vertical td {\n    display: block !important;\n  }\n  table.menu.vertical th {\n    display: block !important;\n  }\n  table.menu.small-vertical td {\n    display: block !important;\n  }\n  table.menu.small-vertical th {\n    display: block !important;\n  }\n  table.menu[align="center"] {\n    width: auto !important;\n  }\n  table.button.small-expand {\n    width: 100% !important;\n  }\n  table.button.small-expanded {\n    width: 100% !important;\n  }\n  table.button.small-expand table {\n    width: 100%;\n  }\n  table.button.small-expanded table {\n    width: 100%;\n  }\n  table.button.small-expand table a {\n    text-align: center !important; width: 100% !important; padding-left: 0 !important; padding-right: 0 !important;\n  }\n  table.button.small-expanded table a {\n    text-align: center !important; width: 100% !important; padding-left: 0 !important; padding-right: 0 !important;\n  }\n  table.button.small-expand center {\n    min-width: 0;\n  }\n  table.button.small-expanded center {\n    min-width: 0;\n  }\n  table.body .columns {\n    padding-left: 16px !important; padding-right: 16px !important;\n  }\n  table.body .column {\n    padding-left: 16px !important; padding-right: 16px !important;\n  }\n}\n</style></head>\n<body style="width: 100% !important; min-width: 100%; -webkit-text-size-adjust: 100%; -ms-text-size-adjust: 100%; -moz-box-sizing: border-box; -webkit-box-sizing: border-box; box-sizing: border-box; color: #000000; font-family: Arial, Helvetica, sans-serif; font-weight: normal; text-align: left; line-height: 17px; font-size: 13px; margin: 0; padding: 0;"><table class="body" data-made-with-foundation="" style="border-spacing: 0; border-collapse: collapse; vertical-align: top; text-align: left; height: 100%; width: 100%; color: #000000; font-family: Arial, Helvetica, sans-serif; font-weight: normal; line-height: 17px; font-size: 13px; margin: 0; padding: 0;" bgcolor="#e0e2e4">\n<tbody><tr style="vertical-align: top; padding: 0;" align="left"><td align="center" class="float-center" valign="top" style="word-wrap: break-word; -webkit-hyphens: auto; -moz-hyphens: auto; hyphens: auto; border-collapse: collapse !important; float: none; color: #000000; font-family: Arial, Helvetica, sans-serif; font-weight: normal; line-height: 17px; font-size: 13px; margin: 0 auto; padding: 0;"><center style="width: 100%; min-width: 580px;">\n<table class="spacer" style="border-spacing: 0; border-collapse: collapse; vertical-align: top; text-align: left; width: 100%; padding: 0;"><tbody><tr style="vertical-align: top; padding: 0;" align="left"><td class="s10" height="10px" style="word-wrap: break-word; -webkit-hyphens: auto; -moz-hyphens: auto; hyphens: auto; border-collapse: collapse !important; mso-line-height-rule: exactly; color: #000000; font-family: Arial, Helvetica, sans-serif; font-weight: normal; line-height: 10px; font-size: 10px; margin: 0; padding: 0;" align="left" valign="top">&nbsp;</td></tr></tbody></table>\n<table class="container float-center" style="border-spacing: 0; border-collapse: collapse; vertical-align: top; text-align: center; width: 580px; float: none; margin: 0 auto; padding: 0;" bgcolor="#ffffff"><tbody><tr style="vertical-align: top; padding: 0;" align="left"><td style="word-wrap: break-word; -webkit-hyphens: auto; -moz-hyphens: auto; hyphens: auto; border-collapse: collapse !important; color: #000000; font-family: Arial, Helvetica, sans-serif; font-weight: normal; line-height: 17px; font-size: 13px; margin: 0; padding: 0;" align="left" valign="top">\n\n<table class="row" style="border-spacing: 0; border-collapse: collapse; vertical-align: top; text-align: left; width: 100%; position: relative; display: table; padding: 0;  border-bottom: 1.5px solid  #e8e8e8 ;">\n    <tbody><tr style="vertical-align: top; padding: 0;" align="left">\n                <th class="small-12 large-12 columns first last" style="width: 520px; color: #000000; font-family: Arial, Helvetica, sans-serif; font-weight: normal; line-height: 17px; font-size: 13px; margin: 0 auto; padding: 0px 0px 0px 0px !important;" align="left">\n                <table style="border-spacing: 0; border-collapse: collapse; vertical-align: top; text-align: left; width: 100%; padding: 0;">\n                <tr style="vertical-align: middle; padding: 0;" align="left">\n<th style="color: #000000; font-family: Arial, Helvetica, sans-serif; font-weight: normal; line-height: 17px; font-size: 13px; margin: 0; padding: 0px 20px 0px 0px;" align="center"><img alt="Email from fec.gov" style="width: 100%; height: 100%; outline: none; text-decoration: none; -ms-interpolation-mode: bicubic; max-width: 100%; max-height: 100%; clear: both; display: block;" src="https://www.fec.gov/resources/cms-content/documents/email_banner_600.png"></th>\n<th class="expander" style="visibility: hidden; width: 0; color: #000000; font-family: Arial, Helvetica, sans-serif; font-weight: normal; line-height: 17px; font-size: 13px; margin: 0; padding: 0;" align="left"></th>\n</tr></table></th></tr>\n</tbody></table>\n<table class="row" style="border-spacing: 0; border-collapse: collapse; vertical-align: top; text-align: left; width: 100%; position: relative; display: table; padding: 0;"><tbody><tr style="vertical-align: top; padding: 0;" align="left"><th class="small-12 large-12 columns first last" style="width: 520px; color: #000000; font-family: Arial, Helvetica, sans-serif; font-weight: normal; line-height: 17px; font-size: 13px; margin: 0 auto; padding: 0 60px 16px;" align="left"><table style="border-spacing: 0; border-collapse: collapse; vertical-align: top; text-align: left; width: 100%; padding: 0;"><tr style="vertical-align: top; padding: 0;" align="left">\n<th style="color: #000000; font-family: Arial, Helvetica, sans-serif; font-weight: normal; line-height: 17px; font-size: 13px; margin: 0; padding: 0;" align="left">\n<table class="spacer" style="border-spacing: 0; border-collapse: collapse; vertical-align: top; text-align: left; width: 100%; padding: 0;"><tbody><tr style="vertical-align: top; padding: 0;" align="left"><td class="s30" height="30px" style="word-wrap: break-word; -webkit-hyphens: auto; -moz-hyphens: auto; hyphens: auto; border-collapse: collapse !important; mso-line-height-rule: exactly; color: #000000; font-family: Arial, Helvetica, sans-serif; font-weight: normal; line-height: 30px; font-size: 30px; margin: 0; padding: 0;" align="left" valign="top">&nbsp;</td></tr></tbody></table>\n\n\n<p class="lead" style="color: #000000; font-family: gandhi,Arial, Helvetica, sans-serif; font-weight: normal; line-height: 1.6; font-size: 24px; margin: 0 0 0px; padding: 0;" align="left"><b>FEC electronic filing results </b></p><br> \n<p class="lead" style="color: #000000; font-family: karla, Arial, Helvetica, sans-serif ; font-weight: normal; line-height: 1.6; font-size: 16px; margin: 0 0 0px; padding: 0;" align="left">\nYour filing was received and accepted by our system on 2018-12-28T23:21:11.740490Z, and was assigned the Filing ID: 103<br><br>\n<table class="row" style="border-spacing: 0; border-collapse: collapse; vertical-align: top; text-align: left; width: 100%; position: relative; display: table; padding: 0;">\n<tbody>\n<tr style="vertical-align: top; padding: 0; font-family: karla, Arial, Helvetica, sans-serif ; font-weight: normal; line-height: 2; font-size: 16px; margin: 0 0 0px; padding: 0;" align="left"> <td><b>Committee ID:</b> </td><td>C01234567</td></tr>\n<tr style="vertical-align: top; padding: 0; font-family: karla, Arial, Helvetica, sans-serif ; font-weight: normal; line-height: 2; font-size: 16px; margin: 0 0 0px; padding: 0;" align="left"> <td><b><b>Committee name:</b></td><td>DIGITAL</td></tr>\n<tr style="vertical-align: top; padding: 0; font-family: karla, Arial, Helvetica, sans-serif ; font-weight: normal; line-height: 2; font-size: 16px; margin: 0 0 0px; padding: 0;" align="left"> <td><b><b>Form type:</b></td><td>F99  </td></tr>\n<tr style="vertical-align: top; padding: 0; font-family: karla, Arial, Helvetica, sans-serif ; font-weight: normal; line-height: 2; font-size: 16px; margin: 0 0 0px; padding: 0;" align="left"> <td><b><b>Schedule:</b></td><td></td></tr>\n<tr style="vertical-align: top; padding: 0; font-family: karla, Arial, Helvetica, sans-serif ; font-weight: normal; line-height: 2; font-size: 16px; margin: 0 0 0px; padding: 0;" align="left"> <td><b><b>From/through:</b></td><td>None/None</td></tr>\n<tr style="vertical-align: top; padding: 0; font-family: karla, Arial, Helvetica, sans-serif ; font-weight: normal; line-height: 2; font-size: 16px; margin: 0 0 0px; padding: 0;" align="left"> <td><b><b>Filing software/version:</b></td><td valign="bottom">8.3.0</td></tr>\n</tbody></table>\n\n</p>\n<p class="lead" style="color: #000000; font-family: karla, Arial, Helvetica, sans-serif; font-weight: normal; line-height: 1.6; font-size: 16px; margin: 0 0 0px; padding: 0;" align="left">\nReview your validation warnings: <br>\n<a href="https://efoservices.fec.gov/webcheck/services/results/@REPLACE_SUBMISSION_ID" style="color:#0AACFA">https://efoservices.fec.gov/webcheck/services/results/@REPLACE_SUBMISSION_ID</a><br><br>\n</p>\n\n\n<hr style="border-top: 1.5px solid #e8e8e8; background: transparent;">\n<p class="lead" style="color: #000000; font-family: karla, Arial, Helvetica, sans-serif; font-weight: normal; line-height: 1.6; font-size: 14px; margin: 0 0 0px; padding: 0;" align="left">\nIf you are receiving this email in error or have any questions, please contact the FEC Electronic Filing Office toll-free at (800) 424-9530 ext. 1307 or locally at (202) 694-1307.\n</p>\n</th>\n<th class="expander" style="visibility: hidden; width: 0; color: #000000; font-family: Arial, Helvetica, sans-serif; font-weight: normal; line-height: 17px; font-size: 14px; margin: 0; padding: 0;" align="left"></th>\n</tr></table></th></tr></tbody></table>\n<table align="center" class="wrapper footer" style="width: 100%; border-spacing: 0; border-collapse: collapse; vertical-align: top; text-align: left; padding: 0;" bgcolor="#112e51"><tr style="vertical-align: top; padding: 0;" align="left"><td class="wrapper-inner" style="word-wrap: break-word; -webkit-hyphens: auto; -moz-hyphens: auto; hyphens: auto; border-collapse: collapse !important; color: #000000; font-family: Arial, Helvetica, sans-serif; font-weight: normal; line-height: 17px; font-size: 13px; margin: 0; padding: 25px 0;" align="left" valign="top"><table class="row" style="border-spacing: 0; border-collapse: collapse; vertical-align: top; text-align: left; width: 100%; position: relative; display: table; padding: 0;"><tbody><tr style="vertical-align: top; padding: 0;" align="left">\n<th class="small-12 large-12 columns first last" style="width: 520px; color: #000000; font-family: Arial, Helvetica, sans-serif; font-weight: normal; line-height: 17px; font-size: 13px; margin: 0 auto; padding: 0 60px;" align="left"><table style="border-spacing: 0; border-collapse: collapse; vertical-align: top; text-align: left; width: 100%; padding: 0;"><tr style="vertical-align: top; padding: 0;" align="left">\n<th style="color: #000000; font-family: karla, Arial, Helvetica, sans-serif; font-weight: normal; line-height: 17px; font-size: 14x; margin: 0; padding: 0;" align="left">\n<p class="text-center" style="color: #fff; font-family: karla, Arial, Helvetica, sans-serif; font-weight: normal; line-height: 17px; font-size: 14px; margin: 0 0 10px; padding: 0;" align="center">\n<a href="https://webforms.fec.gov/" style="color: #FFFFFF; font-family:karla, Arial, Helvetica, sans-serif; font-weight: normal; text-align: left; line-height: 1.3; text-decoration: none; margin: 0; padding: 0;">Online webforms</a>&nbsp;|\n<a href="https://transition.fec.gov/elecfil/passwords.shtml" style="color: #FFFFFF; font-family:karla, Arial, Helvetica, sans-serif; font-weight: normal; text-align: left; line-height: 1.3; text-decoration: none; margin: 0; padding: 0;">Reset password</a>&nbsp;|\n<a href="https://www.fec.gov/help-candidates-and-committees/filing-reports/fecfile-software/" style="color: #FFFFFF; font-family:karla, Arial, Helvetica, sans-serif; font-weight: normal; text-align: left; line-height: 1.3; text-decoration: none; margin: 0; padding: 0;">Download FECFile</a>\n</p>\n</th>\n\n<th class="expander" style="visibility: hidden; width: 0; color: #000000; font-family: karla, Arial, Helvetica, sans-serif; font-weight: normal; line-height: 17px; font-size: 14px; margin: 0; padding: 0;" align="left"></th>\n</tr></table></th></tr></tbody></table></td></tr></table>\n<table align="center" class="wrapper legal" style="width: 100%; border-spacing: 0; border-collapse: collapse; vertical-align: top; text-align: left; padding: 0;" bgcolor="#e0e2e4"><tr style="vertical-align: top; padding: 0;" align="left"><td class="wrapper-inner" style="word-wrap: break-word; -webkit-hyphens: auto; -moz-hyphens: auto; hyphens: auto; border-collapse: collapse !important; color: #000000; font-family: Arial, Helvetica, sans-serif; font-weight: normal; line-height: 17px; font-size: 13px; margin: 0; padding: 15px 0;" align="left" valign="top"><table class="row" style="border-spacing: 0; border-collapse: collapse; vertical-align: top; text-align: left; width: 100%; position: relative; display: table; padding: 0;"><tbody><tr style="vertical-align: top; padding: 0;" align="left"><th class="small-12 large-12 columns first last" style="width: 520px; color: #000000; font-family: Arial, Helvetica, sans-serif; font-weight: normal; line-height: 17px; font-size: 13px; margin: 0 auto; padding: 0 60px 16px;" align="left"><table style="border-spacing: 0; border-collapse: collapse; vertical-align: top; text-align: left; width: 100%; padding: 0;"><tr style="vertical-align: top; padding: 0;" align="left">\n<th style="color: #000000; font-family:karla, Arial, Helvetica, sans-serif; font-weight: normal; line-height: 17px; font-size: 14px; margin: 0; padding: 0;" align="left"><p class="text-center" style="color: #000000; font-family:karla, Arial, Helvetica, sans-serif; font-weight: normal; line-height: 17px; font-size: 14px; margin: 0 0 10px; padding: 0;" align="center">\n<a href="https://www.fec.gov/" style="color: #212121; font-family: karla, Arial, Helvetica, sans-serif; font-weight: normal; text-align: left; line-height: 1.3; text-decoration: none; margin: 0; padding: 0;">FEC.gov</a>&nbsp;|&nbsp; \n<a href="https://www.fec.gov/help-candidates-and-committees/filing-reports/electronic-filing/" style="color: #212121; font-family: karla, Arial, Helvetica, sans-serif; font-weight: normal; text-align: left; line-height: 1.3; text-decoration: none; margin: 0; padding: 0;">Electronic filing overview</a>&nbsp;|&nbsp; \n<a href="https://www.fec.gov/about/privacy-and-security-policy/" style="color: #212121; font-family: karla, Arial, Helvetica, sans-serif; font-weight: normal; text-align: left; line-height: 1.3; text-decoration: none; margin: 0; padding: 0;">Privacy Policy</a>\n</p></th>\n<th class="expander" style="visibility: hidden; width: 0; color: #000000; font-family: karla, Arial, Helvetica, sans-serif; font-weight: normal; line-height: 17px; font-size: 14px; margin: 0; padding: 0;" align="left"></th>\n</tr></table></th></tr></tbody></table></td></tr></table>\n</td></tr></tbody></table>\n</center></td></tr></tbody>\n<!--prevent Gmail on iOS font size manipulation--><div style="display: none; white-space: nowrap; font: 15px courier;">&nbsp; &nbsp; &nbsp; &nbsp; &nbsp; &nbsp; &nbsp; &nbsp; &nbsp; &nbsp; &nbsp; &nbsp; &nbsp; &nbsp; &nbsp; &nbsp; &nbsp; &nbsp; &nbsp; &nbsp; &nbsp; &nbsp; &nbsp; &nbsp; &nbsp; &nbsp; &nbsp; &nbsp; &nbsp; &nbsp; </div>\n</table></body>\n</html>\n', 'Version': '2010-12-01', 'Message.Subject.Data': 'Test - Form 99 submitted successfully', 'Source': 'donotreply@fec.gov'}, 'headers': {'User-Agent': 'Boto3/1.9.43 Python/3.5.0 Darwin/17.7.0 Botocore/1.12.43', 'Content-Type': 'application/x-www-form-urlencoded; charset=utf-8'}, 'context': {'has_streaming_input': False, 'auth_type': None, 'client_config': <botocore.config.Config object at 0x103b6f940>, 'client_region': 'us-east-1'}, 'method': 'POST', 'url': 'https://email.us-east-1.amazonaws.com/'}
2018-12-28 23:21:12,942 [DEBUG] botocore.hooks: Event request-created.ses.SendEmail: calling handler <bound method RequestSigner.handler of <botocore.signers.RequestSigner object at 0x103b6f8d0>>
2018-12-28 23:21:12,943 [DEBUG] botocore.hooks: Event choose-signer.ses.SendEmail: calling handler <function set_operation_specific_signer at 0x102cd4c80>
2018-12-28 23:21:12,944 [ERROR] django.request: Internal Server Error: /api/v1/f99/submit_comm_info
Traceback (most recent call last):
  File "/Users/cstroman/sites/salient-crgt/nxg_fec/django-backend/env/lib/python3.5/site-packages/django/core/handlers/exception.py", line 41, in inner
    response = get_response(request)
  File "/Users/cstroman/sites/salient-crgt/nxg_fec/django-backend/env/lib/python3.5/site-packages/django/core/handlers/base.py", line 187, in _get_response
    response = self.process_exception_by_middleware(e, request)
  File "/Users/cstroman/sites/salient-crgt/nxg_fec/django-backend/env/lib/python3.5/site-packages/django/core/handlers/base.py", line 185, in _get_response
    response = wrapped_callback(request, *callback_args, **callback_kwargs)
  File "/Users/cstroman/sites/salient-crgt/nxg_fec/django-backend/env/lib/python3.5/site-packages/django/views/decorators/csrf.py", line 58, in wrapped_view
    return view_func(*args, **kwargs)
  File "/Users/cstroman/sites/salient-crgt/nxg_fec/django-backend/env/lib/python3.5/site-packages/django/views/generic/base.py", line 68, in view
    return self.dispatch(request, *args, **kwargs)
  File "/Users/cstroman/sites/salient-crgt/nxg_fec/django-backend/env/lib/python3.5/site-packages/rest_framework/views.py", line 483, in dispatch
    response = self.handle_exception(exc)
  File "/Users/cstroman/sites/salient-crgt/nxg_fec/django-backend/env/lib/python3.5/site-packages/rest_framework/views.py", line 443, in handle_exception
    self.raise_uncaught_exception(exc)
  File "/Users/cstroman/sites/salient-crgt/nxg_fec/django-backend/env/lib/python3.5/site-packages/rest_framework/views.py", line 480, in dispatch
    response = handler(request, *args, **kwargs)
  File "/Users/cstroman/sites/salient-crgt/nxg_fec/django-backend/env/lib/python3.5/site-packages/rest_framework/decorators.py", line 53, in handler
    return func(*args, **kwargs)
  File "/Users/cstroman/sites/salient-crgt/nxg_fec/django-backend/fecfiler/forms/views.py", line 443, in submit_comm_info
    email(True, serializer.data)
  File "/Users/cstroman/sites/salient-crgt/nxg_fec/django-backend/fecfiler/forms/views.py", line 871, in email
    Source=SENDER,
  File "/Users/cstroman/sites/salient-crgt/nxg_fec/django-backend/env/lib/python3.5/site-packages/botocore/client.py", line 320, in _api_call
    return self._make_api_call(operation_name, kwargs)
  File "/Users/cstroman/sites/salient-crgt/nxg_fec/django-backend/env/lib/python3.5/site-packages/botocore/client.py", line 610, in _make_api_call
    operation_model, request_dict)
  File "/Users/cstroman/sites/salient-crgt/nxg_fec/django-backend/env/lib/python3.5/site-packages/botocore/endpoint.py", line 102, in make_request
    return self._send_request(request_dict, operation_model)
  File "/Users/cstroman/sites/salient-crgt/nxg_fec/django-backend/env/lib/python3.5/site-packages/botocore/endpoint.py", line 132, in _send_request
    request = self.create_request(request_dict, operation_model)
  File "/Users/cstroman/sites/salient-crgt/nxg_fec/django-backend/env/lib/python3.5/site-packages/botocore/endpoint.py", line 116, in create_request
    operation_name=operation_model.name)
  File "/Users/cstroman/sites/salient-crgt/nxg_fec/django-backend/env/lib/python3.5/site-packages/botocore/hooks.py", line 356, in emit
    return self._emitter.emit(aliased_event_name, **kwargs)
  File "/Users/cstroman/sites/salient-crgt/nxg_fec/django-backend/env/lib/python3.5/site-packages/botocore/hooks.py", line 228, in emit
    return self._emit(event_name, kwargs)
  File "/Users/cstroman/sites/salient-crgt/nxg_fec/django-backend/env/lib/python3.5/site-packages/botocore/hooks.py", line 211, in _emit
    response = handler(**kwargs)
  File "/Users/cstroman/sites/salient-crgt/nxg_fec/django-backend/env/lib/python3.5/site-packages/botocore/signers.py", line 90, in handler
    return self.sign(operation_name, request)
  File "/Users/cstroman/sites/salient-crgt/nxg_fec/django-backend/env/lib/python3.5/site-packages/botocore/signers.py", line 157, in sign
    auth.add_auth(request)
  File "/Users/cstroman/sites/salient-crgt/nxg_fec/django-backend/env/lib/python3.5/site-packages/botocore/auth.py", line 357, in add_auth
    raise NoCredentialsError
botocore.exceptions.NoCredentialsError: Unable to locate credentials
2018-12-28 23:21:12,944 [ERROR] django.request: Internal Server Error: /api/v1/f99/submit_comm_info
Traceback (most recent call last):
  File "/Users/cstroman/sites/salient-crgt/nxg_fec/django-backend/env/lib/python3.5/site-packages/django/core/handlers/exception.py", line 41, in inner
    response = get_response(request)
  File "/Users/cstroman/sites/salient-crgt/nxg_fec/django-backend/env/lib/python3.5/site-packages/django/core/handlers/base.py", line 187, in _get_response
    response = self.process_exception_by_middleware(e, request)
  File "/Users/cstroman/sites/salient-crgt/nxg_fec/django-backend/env/lib/python3.5/site-packages/django/core/handlers/base.py", line 185, in _get_response
    response = wrapped_callback(request, *callback_args, **callback_kwargs)
  File "/Users/cstroman/sites/salient-crgt/nxg_fec/django-backend/env/lib/python3.5/site-packages/django/views/decorators/csrf.py", line 58, in wrapped_view
    return view_func(*args, **kwargs)
  File "/Users/cstroman/sites/salient-crgt/nxg_fec/django-backend/env/lib/python3.5/site-packages/django/views/generic/base.py", line 68, in view
    return self.dispatch(request, *args, **kwargs)
  File "/Users/cstroman/sites/salient-crgt/nxg_fec/django-backend/env/lib/python3.5/site-packages/rest_framework/views.py", line 483, in dispatch
    response = self.handle_exception(exc)
  File "/Users/cstroman/sites/salient-crgt/nxg_fec/django-backend/env/lib/python3.5/site-packages/rest_framework/views.py", line 443, in handle_exception
    self.raise_uncaught_exception(exc)
  File "/Users/cstroman/sites/salient-crgt/nxg_fec/django-backend/env/lib/python3.5/site-packages/rest_framework/views.py", line 480, in dispatch
    response = handler(request, *args, **kwargs)
  File "/Users/cstroman/sites/salient-crgt/nxg_fec/django-backend/env/lib/python3.5/site-packages/rest_framework/decorators.py", line 53, in handler
    return func(*args, **kwargs)
  File "/Users/cstroman/sites/salient-crgt/nxg_fec/django-backend/fecfiler/forms/views.py", line 443, in submit_comm_info
    email(True, serializer.data)
  File "/Users/cstroman/sites/salient-crgt/nxg_fec/django-backend/fecfiler/forms/views.py", line 871, in email
    Source=SENDER,
  File "/Users/cstroman/sites/salient-crgt/nxg_fec/django-backend/env/lib/python3.5/site-packages/botocore/client.py", line 320, in _api_call
    return self._make_api_call(operation_name, kwargs)
  File "/Users/cstroman/sites/salient-crgt/nxg_fec/django-backend/env/lib/python3.5/site-packages/botocore/client.py", line 610, in _make_api_call
    operation_model, request_dict)
  File "/Users/cstroman/sites/salient-crgt/nxg_fec/django-backend/env/lib/python3.5/site-packages/botocore/endpoint.py", line 102, in make_request
    return self._send_request(request_dict, operation_model)
  File "/Users/cstroman/sites/salient-crgt/nxg_fec/django-backend/env/lib/python3.5/site-packages/botocore/endpoint.py", line 132, in _send_request
    request = self.create_request(request_dict, operation_model)
  File "/Users/cstroman/sites/salient-crgt/nxg_fec/django-backend/env/lib/python3.5/site-packages/botocore/endpoint.py", line 116, in create_request
    operation_name=operation_model.name)
  File "/Users/cstroman/sites/salient-crgt/nxg_fec/django-backend/env/lib/python3.5/site-packages/botocore/hooks.py", line 356, in emit
    return self._emitter.emit(aliased_event_name, **kwargs)
  File "/Users/cstroman/sites/salient-crgt/nxg_fec/django-backend/env/lib/python3.5/site-packages/botocore/hooks.py", line 228, in emit
    return self._emit(event_name, kwargs)
  File "/Users/cstroman/sites/salient-crgt/nxg_fec/django-backend/env/lib/python3.5/site-packages/botocore/hooks.py", line 211, in _emit
    response = handler(**kwargs)
  File "/Users/cstroman/sites/salient-crgt/nxg_fec/django-backend/env/lib/python3.5/site-packages/botocore/signers.py", line 90, in handler
    return self.sign(operation_name, request)
  File "/Users/cstroman/sites/salient-crgt/nxg_fec/django-backend/env/lib/python3.5/site-packages/botocore/signers.py", line 157, in sign
    auth.add_auth(request)
  File "/Users/cstroman/sites/salient-crgt/nxg_fec/django-backend/env/lib/python3.5/site-packages/botocore/auth.py", line 357, in add_auth
    raise NoCredentialsError
botocore.exceptions.NoCredentialsError: Unable to locate credentials
2018-12-31 13:58:59,288 [DEBUG] fecfiler.forms.views: Incoming parameters: create_f99_info<QueryDict: {'text': ['test'], 'street2': ['street1'], 'city': ['WARRENTON'], 'filename': ['undefined'], 'is_submitted': ['False'], 'email_on_file_1': ['null'], 'treasurermiddlename': ['B'], 'created_at': [''], 'committeename': ['DIGITAL'], 'signee': ['Mahendra Marathe'], 'street1': ['332 W LEE HWY'], 'additional_email_2': ['-'], 'committeeid': ['C01234567'], 'reason': ['MSM'], 'email_on_file': ['mahendra.marathe@salientcrgt.com'], 'treasurerprefix': ['Mr'], 'id': ['0'], 'form_type': ['F99'], 'treasurerlastname': ['Marathe'], 'additional_email_1': ['-'], 'state': ['VA'], 'treasurersuffix': ['II'], 'zipcode': ['92630'], 'treasurerfirstname': ['Mahendra']}>
2018-12-31 13:59:25,448 [DEBUG] fecfiler.forms.views: Incoming parameters: create_f99_info<QueryDict: {'text': ['test'], 'street2': ['street1'], 'city': ['WARRENTON'], 'filename': ['undefined'], 'is_submitted': ['False'], 'email_on_file_1': ['null'], 'treasurermiddlename': ['B'], 'created_at': [''], 'committeename': ['DIGITAL'], 'signee': ['Mahendra Marathe'], 'street1': ['332 W LEE HWY'], 'additional_email_2': ['-'], 'committeeid': ['C01234567'], 'reason': ['MSM'], 'email_on_file': ['mahendra.marathe@salientcrgt.com'], 'treasurerprefix': ['Mr'], 'id': ['0'], 'form_type': ['F99'], 'treasurerlastname': ['Marathe'], 'additional_email_1': ['-'], 'state': ['VA'], 'treasurersuffix': ['II'], 'zipcode': ['92630'], 'treasurerfirstname': ['Mahendra']}>
2018-12-31 14:00:12,252 [DEBUG] fecfiler.forms.views: Incoming parameters: create_f99_info<QueryDict: {'text': ['test'], 'street2': ['street1'], 'city': ['WARRENTON'], 'filename': ['undefined'], 'is_submitted': ['False'], 'email_on_file_1': ['null'], 'treasurermiddlename': ['B'], 'created_at': [''], 'committeename': ['DIGITAL'], 'signee': ['Mahendra Marathe'], 'street1': ['332 W LEE HWY'], 'additional_email_2': ['-'], 'committeeid': ['C01234567'], 'reason': ['MSM'], 'email_on_file': ['mahendra.marathe@salientcrgt.com'], 'treasurerprefix': ['Mr'], 'id': ['0'], 'form_type': ['F99'], 'treasurerlastname': ['Marathe'], 'additional_email_1': ['-'], 'state': ['VA'], 'treasurersuffix': ['II'], 'zipcode': ['92630'], 'treasurerfirstname': ['Mahendra']}>
2018-12-31 14:02:01,246 [DEBUG] fecfiler.forms.views: Incoming parameters: create_f99_info<QueryDict: {'text': ['test'], 'street2': ['street1'], 'city': ['WARRENTON'], 'filename': ['undefined'], 'is_submitted': ['False'], 'email_on_file_1': ['null'], 'treasurermiddlename': ['B'], 'created_at': [''], 'committeename': ['DIGITAL'], 'signee': ['Mahendra Marathe'], 'street1': ['332 W LEE HWY'], 'additional_email_2': ['-'], 'committeeid': ['C01234567'], 'reason': ['MSM'], 'email_on_file': ['mahendra.marathe@salientcrgt.com'], 'treasurerprefix': ['Mr'], 'id': ['0'], 'form_type': ['F99'], 'treasurerlastname': ['Marathe'], 'additional_email_1': ['-'], 'state': ['VA'], 'treasurersuffix': ['II'], 'zipcode': ['92630'], 'treasurerfirstname': ['Mahendra']}>
2018-12-31 15:50:09,515 [DEBUG] fecfiler.forms.views: Incoming parameters: create_f99_info<QueryDict: {'text': ['test'], 'street2': ['street1'], 'city': ['WARRENTON'], 'filename': ['undefined'], 'is_submitted': ['False'], 'email_on_file_1': ['null'], 'treasurermiddlename': ['B'], 'created_at': [''], 'committeename': ['DIGITAL'], 'signee': ['Mahendra Marathe'], 'street1': ['332 W LEE HWY'], 'additional_email_2': ['-'], 'committeeid': ['C01234567'], 'reason': ['MSM'], 'email_on_file': ['mahendra.marathe@salientcrgt.com'], 'treasurerprefix': ['Mr'], 'id': ['0'], 'form_type': ['F99'], 'treasurerlastname': ['Marathe'], 'additional_email_1': ['-'], 'state': ['VA'], 'treasurersuffix': ['II'], 'zipcode': ['92630'], 'treasurerfirstname': ['Mahendra']}>
2018-12-31 15:51:38,704 [DEBUG] fecfiler.forms.views: Incoming parameters: create_f99_info<QueryDict: {'text': ['test'], 'street2': ['street1'], 'city': ['WARRENTON'], 'filename': ['undefined'], 'is_submitted': ['False'], 'email_on_file_1': ['null'], 'treasurermiddlename': ['B'], 'created_at': [''], 'committeename': ['DIGITAL'], 'signee': ['Mahendra Marathe'], 'street1': ['332 W LEE HWY'], 'additional_email_2': ['-'], 'committeeid': ['C01234567'], 'reason': ['MSM'], 'email_on_file': ['mahendra.marathe@salientcrgt.com'], 'treasurerprefix': ['Mr'], 'id': ['0'], 'form_type': ['F99'], 'treasurerlastname': ['Marathe'], 'additional_email_1': ['-'], 'state': ['VA'], 'treasurersuffix': ['II'], 'zipcode': ['92630'], 'treasurerfirstname': ['Mahendra']}>
